<?xml version="1.0" encoding="UTF-8"?>
<!-- Generated by org.testng.reporters.JUnitXMLReporter -->
<testsuite hostname="DESKTOP-MRNVS04" ignored="0" name="Test" tests="4" failures="0" timestamp="27 八月 2019 14:59:23 GMT" time="0.071" errors="0">
  <testcase name="method1" time="0.009" classname="package1.class1"/>
  <testcase name="method2" time="0.007" classname="package1.class1"/>
  <testcase name="method3" time="0.002" classname="package1.class1"/>
  <testcase name="method6" time="0.005" classname="package2.class3"/>
</testsuite> <!-- Test -->
